<?xml version="1.0" encoding="UTF-8"?>
<testsuites name="jest tests" tests="2" failures="0" time="5.382">
  <testsuite name="undefined" errors="0" failures="0" skipped="0" timestamp="2020-02-23T03:01:41" time="3.994" tests="2">
    <testcase classname=" Plugin manifest, id and version are defined" name=" Plugin manifest, id and version are defined" time="0.011">
    </testcase>
    <testcase classname=" Plugin id and version are defined" name=" Plugin id and version are defined" time="0.002">
    </testcase>
  </testsuite>
</testsuites>